# JRE version: OpenJDK Runtime Environment (11.0.2+9) (build 11.0.2+9)
# Java VM: OpenJDK 64-Bit Server VM (11.0.2+9, mixed mode, tiered, compressed oops, g1 gc, windows-amd64)
Heap:
 garbage-first heap   total 226304K, used 127154K [0x0000000740000000, 0x0000000800000000)
  region size 1024K, 20 young (20480K), 1 survivors (1024K)
 Metaspace       used 101246K, capacity 102461K, committed 106832K, reserved 1140736K
  class space    used 13101K, capacity 13592K, committed 15104K, reserved 1048576K
GC Heap History (10 events):
Event: 10779.440 GC heap before
{Heap before GC invocations=1314 (full 484):
 garbage-first heap   total 226304K, used 107687K [0x0000000740000000, 0x0000000800000000)
  region size 1024K, 5 young (5120K), 0 survivors (0K)
 Metaspace       used 101234K, capacity 102461K, committed 106832K, reserved 1140736K
  class space    used 13101K, capacity 13592K, committed 15104K, reserved 1048576K
}
Event: 10779.529 GC heap after
{Heap after GC invocations=1315 (full 485):
 garbage-first heap   total 226304K, used 103602K [0x0000000740000000, 0x0000000800000000)
  region size 1024K, 0 young (0K), 0 survivors (0K)
 Metaspace       used 101234K, capacity 102461K, committed 106832K, reserved 1140736K
  class space    used 13101K, capacity 13592K, committed 15104K, reserved 1048576K
}
Event: 10780.583 GC heap before
{Heap before GC invocations=1315 (full 485):
 garbage-first heap   total 226304K, used 165042K [0x0000000740000000, 0x0000000800000000)
  region size 1024K, 60 young (61440K), 0 survivors (0K)
 Metaspace       used 101234K, capacity 102461K, committed 106832K, reserved 1140736K
  class space    used 13101K, capacity 13592K, committed 15104K, reserved 1048576K
}
Event: 10780.586 GC heap after
{Heap after GC invocations=1316 (full 485):
 garbage-first heap   total 226304K, used 103775K [0x0000000740000000, 0x0000000800000000)
  region size 1024K, 1 young (1024K), 1 survivors (1024K)
 Metaspace       used 101234K, capacity 102461K, committed 106832K, reserved 1140736K
  class space    used 13101K, capacity 13592K, committed 15104K, reserved 1048576K
}
Event: 10781.767 GC heap before
{Heap before GC invocations=1316 (full 485):
 garbage-first heap   total 226304K, used 164191K [0x0000000740000000, 0x0000000800000000)
  region size 1024K, 60 young (61440K), 1 survivors (1024K)
 Metaspace       used 101234K, capacity 102461K, committed 106832K, reserved 1140736K
  class space    used 13101K, capacity 13592K, committed 15104K, reserved 1048576K
}
Event: 10781.768 GC heap after
{Heap after GC invocations=1317 (full 485):
 garbage-first heap   total 226304K, used 103765K [0x0000000740000000, 0x0000000800000000)
  region size 1024K, 1 young (1024K), 1 survivors (1024K)
 Metaspace       used 101234K, capacity 102461K, committed 106832K, reserved 1140736K
  class space    used 13101K, capacity 13592K, committed 15104K, reserved 1048576K
}
Event: 10783.422 GC heap before
{Heap before GC invocations=1317 (full 485):
 garbage-first heap   total 226304K, used 153941K [0x0000000740000000, 0x0000000800000000)
  region size 1024K, 43 young (44032K), 1 survivors (1024K)
 Metaspace       used 101245K, capacity 102461K, committed 106832K, reserved 1140736K
  class space    used 13101K, capacity 13592K, committed 15104K, reserved 1048576K
}
Event: 10783.424 GC heap after
{Heap after GC invocations=1318 (full 485):
 garbage-first heap   total 226304K, used 112503K [0x0000000740000000, 0x0000000800000000)
  region size 1024K, 1 young (1024K), 1 survivors (1024K)
 Metaspace       used 101245K, capacity 102461K, committed 106832K, reserved 1140736K
  class space    used 13101K, capacity 13592K, committed 15104K, reserved 1048576K
}
Event: 10786.537 GC heap before
{Heap before GC invocations=1318 (full 485):
 garbage-first heap   total 226304K, used 174967K [0x0000000740000000, 0x0000000800000000)
  region size 1024K, 60 young (61440K), 1 survivors (1024K)
 Metaspace       used 101246K, capacity 102461K, committed 106832K, reserved 1140736K
  class space    used 13101K, capacity 13592K, committed 15104K, reserved 1048576K
}
Event: 10786.540 GC heap after
{Heap after GC invocations=1319 (full 485):
 garbage-first heap   total 226304K, used 108722K [0x0000000740000000, 0x0000000800000000)
  region size 1024K, 1 young (1024K), 1 survivors (1024K)
 Metaspace       used 101246K, capacity 102461K, committed 106832K, reserved 1140736K
  class space    used 13101K, capacity 13592K, committed 15104K, reserved 1048576K
}

